<?xml version="1.0" encoding="UTF-8"?>
<!-- Generated by org.testng.reporters.JUnitXMLReporter -->
<testsuite ignored="0" hostname="Mohsins-MacBook-Air.local" failures="0" tests="5" name="Default test" time="0.082" errors="0" timestamp="2020-09-07T22:35:19 CEST">
  <testcase classname="test.day3" name="APICarLoan" time="0.015"/>
  <testcase classname="test.day3" name="MobileSigninCarLoan" time="0.001"/>
  <testcase classname="test.day3" name="MobileSigninCarLoan" time="0.004"/>
  <testcase classname="test.day3" name="MobileSigninCarLoan" time="0.001"/>
  <testcase classname="test.day3" name="WebLoginCarLoan" time="0.002"/>
</testsuite> <!-- Default test -->
