<?xml version="1.0" encoding="UTF-8"?>
<!-- Generated by org.testng.reporters.JUnitXMLReporter -->
<testsuite ignored="1" hostname="Mohsins-MacBook-Air.local" failures="0" tests="4" name="CarLoan" time="0.022" errors="0" timestamp="2020-09-07T23:47:16 CEST">
  <testcase classname="test.day3" name="MobileSigninCarLoan" time="0.001"/>
  <testcase classname="test.day3" name="MobileSigninCarLoan" time="0.004"/>
  <testcase classname="test.day3" name="MobileSigninCarLoan" time="0.002"/>
  <testcase classname="test.day3" name="WebLoginCarLoan" time="0.001"/>
  <testcase classname="test.day3" name="APICarLoan" time="0.0">
    <ignored/>
  </testcase> <!-- APICarLoan -->
</testsuite> <!-- CarLoan -->
