<?xml version="1.0" encoding="UTF-8"?>
<!-- Generated by org.testng.reporters.JUnitXMLReporter -->
<testsuite ignored="1" hostname="Mohsins-MacBook-Air.local" failures="0" tests="5" name="Personal Loan" time="0.093" errors="0" timestamp="2020-09-07T23:47:16 CEST">
  <testcase classname="test.day1" name="SecondTest" time="0.011"/>
  <testcase classname="test.day2" name="Ploan" time="0.002"/>
  <testcase classname="test.day4" name="LoginAPIHomeLoan" time="0.003"/>
  <testcase classname="test.day4" name="MobilLoginHomeLoan" time="0.013"/>
  <testcase classname="test.day4" name="WebloginHomeLoan" time="0.002"/>
  <testcase classname="test.day1" name="Demo" time="0.0">
    <ignored/>
  </testcase> <!-- Demo -->
</testsuite> <!-- Personal Loan -->
